# JRE version: OpenJDK Runtime Environment (14.0.2+12) (build 14.0.2+12-46)
# Java VM: OpenJDK 64-Bit Server VM (14.0.2+12-46, mixed mode, tiered, compressed oops, g1 gc, windows-amd64)
Heap:
 garbage-first heap   total 86016K, used 46109K [0x0000000081e00000, 0x0000000100000000)
  region size 1024K, 14 young (14336K), 5 survivors (5120K)
 Metaspace       used 83633K, capacity 85777K, committed 86144K, reserved 1124352K
  class space    used 10472K, capacity 11276K, committed 11392K, reserved 1048576K
GC Heap History (20 events):
Event: 1992.889 GC heap before
{Heap before GC invocations=45 (full 3):
 garbage-first heap   total 86016K, used 66717K [0x0000000081e00000, 0x0000000100000000)
  region size 1024K, 34 young (34816K), 0 survivors (0K)
 Metaspace       used 82519K, capacity 84622K, committed 84736K, reserved 1122304K
  class space    used 10434K, capacity 11209K, committed 11264K, reserved 1048576K
}
Event: 1992.892 GC heap after
{Heap after GC invocations=46 (full 3):
 garbage-first heap   total 86016K, used 34192K [0x0000000081e00000, 0x0000000100000000)
  region size 1024K, 3 young (3072K), 3 survivors (3072K)
 Metaspace       used 82519K, capacity 84622K, committed 84736K, reserved 1122304K
  class space    used 10434K, capacity 11209K, committed 11264K, reserved 1048576K
}
Event: 1993.305 GC heap before
{Heap before GC invocations=46 (full 3):
 garbage-first heap   total 86016K, used 65936K [0x0000000081e00000, 0x0000000100000000)
  region size 1024K, 35 young (35840K), 3 survivors (3072K)
 Metaspace       used 82632K, capacity 84676K, committed 84736K, reserved 1122304K
  class space    used 10443K, capacity 11248K, committed 11264K, reserved 1048576K
}
Event: 1993.310 GC heap after
{Heap after GC invocations=47 (full 3):
 garbage-first heap   total 86016K, used 35044K [0x0000000081e00000, 0x0000000100000000)
  region size 1024K, 4 young (4096K), 4 survivors (4096K)
 Metaspace       used 82632K, capacity 84676K, committed 84736K, reserved 1122304K
  class space    used 10443K, capacity 11248K, committed 11264K, reserved 1048576K
}
Event: 1993.318 GC heap before
{Heap before GC invocations=47 (full 3):
 garbage-first heap   total 86016K, used 65764K [0x0000000081e00000, 0x0000000100000000)
  region size 1024K, 35 young (35840K), 4 survivors (4096K)
 Metaspace       used 82632K, capacity 84676K, committed 84736K, reserved 1122304K
  class space    used 10443K, capacity 11248K, committed 11264K, reserved 1048576K
}
Event: 1993.322 GC heap after
{Heap after GC invocations=48 (full 3):
 garbage-first heap   total 86016K, used 35237K [0x0000000081e00000, 0x0000000100000000)
  region size 1024K, 2 young (2048K), 2 survivors (2048K)
 Metaspace       used 82632K, capacity 84676K, committed 84736K, reserved 1122304K
  class space    used 10443K, capacity 11248K, committed 11264K, reserved 1048576K
}
Event: 1993.672 GC heap before
{Heap before GC invocations=48 (full 3):
 garbage-first heap   total 86016K, used 68005K [0x0000000081e00000, 0x0000000100000000)
  region size 1024K, 34 young (34816K), 2 survivors (2048K)
 Metaspace       used 82881K, capacity 84944K, committed 84992K, reserved 1122304K
  class space    used 10449K, capacity 11250K, committed 11264K, reserved 1048576K
}
Event: 1993.676 GC heap after
{Heap after GC invocations=49 (full 3):
 garbage-first heap   total 86016K, used 36713K [0x0000000081e00000, 0x0000000100000000)
  region size 1024K, 4 young (4096K), 4 survivors (4096K)
 Metaspace       used 82881K, capacity 84944K, committed 84992K, reserved 1122304K
  class space    used 10449K, capacity 11250K, committed 11264K, reserved 1048576K
}
Event: 1993.837 GC heap before
{Heap before GC invocations=49 (full 3):
 garbage-first heap   total 86016K, used 66409K [0x0000000081e00000, 0x0000000100000000)
  region size 1024K, 34 young (34816K), 4 survivors (4096K)
 Metaspace       used 83057K, capacity 85114K, committed 85248K, reserved 1124352K
  class space    used 10462K, capacity 11263K, committed 11264K, reserved 1048576K
}
Event: 1993.841 GC heap after
{Heap after GC invocations=50 (full 3):
 garbage-first heap   total 86016K, used 38826K [0x0000000081e00000, 0x0000000100000000)
  region size 1024K, 4 young (4096K), 4 survivors (4096K)
 Metaspace       used 83057K, capacity 85114K, committed 85248K, reserved 1124352K
  class space    used 10462K, capacity 11263K, committed 11264K, reserved 1048576K
}
Event: 1994.112 GC heap before
{Heap before GC invocations=50 (full 3):
 garbage-first heap   total 86016K, used 67498K [0x0000000081e00000, 0x0000000100000000)
  region size 1024K, 33 young (33792K), 4 survivors (4096K)
 Metaspace       used 83153K, capacity 85221K, committed 85376K, reserved 1124352K
  class space    used 10469K, capacity 11271K, committed 11392K, reserved 1048576K
}
Event: 1994.118 GC heap after
{Heap after GC invocations=51 (full 3):
 garbage-first heap   total 86016K, used 41189K [0x0000000081e00000, 0x0000000100000000)
  region size 1024K, 5 young (5120K), 5 survivors (5120K)
 Metaspace       used 83153K, capacity 85221K, committed 85376K, reserved 1124352K
  class space    used 10469K, capacity 11271K, committed 11392K, reserved 1048576K
}
Event: 2497.262 GC heap before
{Heap before GC invocations=51 (full 3):
 garbage-first heap   total 86016K, used 60645K [0x0000000081e00000, 0x0000000100000000)
  region size 1024K, 25 young (25600K), 5 survivors (5120K)
 Metaspace       used 83241K, capacity 85302K, committed 85632K, reserved 1124352K
  class space    used 10471K, capacity 11275K, committed 11392K, reserved 1048576K
}
Event: 2497.355 GC heap after
{Heap after GC invocations=52 (full 4):
 garbage-first heap   total 86016K, used 31422K [0x0000000081e00000, 0x0000000100000000)
  region size 1024K, 0 young (0K), 0 survivors (0K)
 Metaspace       used 83179K, capacity 85203K, committed 85632K, reserved 1124352K
  class space    used 10451K, capacity 11236K, committed 11392K, reserved 1048576K
}
Event: 2497.810 GC heap before
{Heap before GC invocations=52 (full 4):
 garbage-first heap   total 86016K, used 67262K [0x0000000081e00000, 0x0000000100000000)
  region size 1024K, 35 young (35840K), 0 survivors (0K)
 Metaspace       used 83223K, capacity 85356K, committed 85632K, reserved 1124352K
  class space    used 10455K, capacity 11242K, committed 11392K, reserved 1048576K
}
Event: 2497.814 GC heap after
{Heap after GC invocations=53 (full 4):
 garbage-first heap   total 86016K, used 33696K [0x0000000081e00000, 0x0000000100000000)
  region size 1024K, 3 young (3072K), 3 survivors (3072K)
 Metaspace       used 83223K, capacity 85356K, committed 85632K, reserved 1124352K
  class space    used 10455K, capacity 11242K, committed 11392K, reserved 1048576K
}
Event: 2498.191 GC heap before
{Heap before GC invocations=53 (full 4):
 garbage-first heap   total 86016K, used 65440K [0x0000000081e00000, 0x0000000100000000)
  region size 1024K, 35 young (35840K), 3 survivors (3072K)
 Metaspace       used 83329K, capacity 85457K, committed 85632K, reserved 1124352K
  class space    used 10461K, capacity 11276K, committed 11392K, reserved 1048576K
}
Event: 2498.195 GC heap after
{Heap after GC invocations=54 (full 4):
 garbage-first heap   total 86016K, used 34494K [0x0000000081e00000, 0x0000000100000000)
  region size 1024K, 3 young (3072K), 3 survivors (3072K)
 Metaspace       used 83329K, capacity 85457K, committed 85632K, reserved 1124352K
  class space    used 10461K, capacity 11276K, committed 11392K, reserved 1048576K
}
Event: 2498.205 GC heap before
{Heap before GC invocations=54 (full 4):
 garbage-first heap   total 86016K, used 67262K [0x0000000081e00000, 0x0000000100000000)
  region size 1024K, 36 young (36864K), 3 survivors (3072K)
 Metaspace       used 83329K, capacity 85457K, committed 85632K, reserved 1124352K
  class space    used 10461K, capacity 11276K, committed 11392K, reserved 1048576K
}
Event: 2498.209 GC heap after
{Heap after GC invocations=55 (full 4):
 garbage-first heap   total 86016K, used 34604K [0x0000000081e00000, 0x0000000100000000)
  region size 1024K, 2 young (2048K), 2 survivors (2048K)
 Metaspace       used 83329K, capacity 85457K, committed 85632K, reserved 1124352K
  class space    used 10461K, capacity 11276K, committed 11392K, reserved 1048576K
}

